This is pdfTeX, Version 3.141592653-2.6-1.40.22 (MiKTeX 21.2) (preloaded format=pdflatex 2021.3.7)  14 MAR 2022 19:38
entering extended mode
**./190123066_Abhishek_Agrahari.tex
(190123066_Abhishek_Agrahari.tex
LaTeX2e <2020-10-01> patch level 4
L3 programming layer <2021-02-18> xparse <2020-03-03>
(C:\Users\abhis\AppData\Local\Programs\MiKTeX\tex/latex/base\article.cls
Document Class: article 2020/04/10 v1.4m Standard LaTeX document class
(C:\Users\abhis\AppData\Local\Programs\MiKTeX\tex/latex/base\size12.clo
File: size12.clo 2020/04/10 v1.4m Standard LaTeX file (size option)
)
\c@part=\count179
\c@section=\count180
\c@subsection=\count181
\c@subsubsection=\count182
\c@paragraph=\count183
\c@subparagraph=\count184
\c@figure=\count185
\c@table=\count186
\abovecaptionskip=\skip47
\belowcaptionskip=\skip48
\bibindent=\dimen138
)
(C:\Users\abhis\AppData\Local\Programs\MiKTeX\tex/latex/base\inputenc.sty
Package: inputenc 2020/08/01 v1.3d Input encoding file
\inpenc@prehook=\toks15
\inpenc@posthook=\toks16
)
(C:\Users\abhis\AppData\Local\Programs\MiKTeX\tex/latex/fancyhdr\fancyhdr.sty
Package: fancyhdr 2021/01/28 v4.0.1 Extensive control of page headers and foote
rs
\f@nch@headwidth=\skip49
\f@nch@O@elh=\skip50
\f@nch@O@erh=\skip51
\f@nch@O@olh=\skip52
\f@nch@O@orh=\skip53
\f@nch@O@elf=\skip54
\f@nch@O@erf=\skip55
\f@nch@O@olf=\skip56
\f@nch@O@orf=\skip57
)
(C:\Users\abhis\AppData\Local\Programs\MiKTeX\tex/latex/fancyvrb\fancyvrb.sty
Package: fancyvrb 2021/12/21 4.1b verbatim text (tvz,hv)

(C:\Users\abhis\AppData\Local\Programs\MiKTeX\tex/latex/graphics\keyval.sty
Package: keyval 2014/10/28 v1.15 key=value parser (DPC)
\KV@toks@=\toks17
)
\FV@CodeLineNo=\count187
\FV@InFile=\read2
\FV@TabBox=\box47
\c@FancyVerbLine=\count188
\FV@StepNumber=\count189
\FV@OutFile=\write3
)
(C:\Users\abhis\AppData\Local\Programs\MiKTeX\tex/latex/base\textcomp.sty
Package: textcomp 2020/02/02 v2.0n Standard LaTeX package
)
(C:\Users\abhis\AppData\Local\Programs\MiKTeX\tex/latex/subfigure\subfigure.sty
Package: subfigure 2002/07/30 v2.1.4 subfigure package
\subfigtopskip=\skip58
\subfigcapskip=\skip59
\subfigcaptopadj=\dimen139
\subfigbottomskip=\skip60
\subfigcapmargin=\dimen140
\subfiglabelskip=\skip61
\c@subfigure=\count190
\c@lofdepth=\count191
\c@subtable=\count192
\c@lotdepth=\count193
****************************************
* Local config file subfigure.cfg used *
****************************************

(C:\Users\abhis\AppData\Local\Programs\MiKTeX\tex/latex/subfigure\subfigure.cfg
)
\subfig@top=\skip62
\subfig@bottom=\skip63
) (C:\Users\abhis\AppData\Local\Programs\MiKTeX\tex/latex/float\float.sty
Package: float 2001/11/08 v1.3d Float enhancements (AL)
\c@float@type=\count194
\float@exts=\toks18
\float@box=\box48
\@float@everytoks=\toks19
\@floatcapt=\box49
)
(C:\Users\abhis\AppData\Local\Programs\MiKTeX\tex/latex/graphics\graphicx.sty
Package: graphicx 2020/09/09 v1.2b Enhanced LaTeX Graphics (DPC,SPQR)

(C:\Users\abhis\AppData\Local\Programs\MiKTeX\tex/latex/graphics\graphics.sty
Package: graphics 2020/08/30 v1.4c Standard LaTeX Graphics (DPC,SPQR)

(C:\Users\abhis\AppData\Local\Programs\MiKTeX\tex/latex/graphics\trig.sty
Package: trig 2016/01/03 v1.10 sin cos tan (DPC)
)
(C:\Users\abhis\AppData\Local\Programs\MiKTeX\tex/latex/graphics-cfg\graphics.c
fg
File: graphics.cfg 2016/06/04 v1.11 sample graphics configuration
)
Package graphics Info: Driver file: pdftex.def on input line 105.

(C:\Users\abhis\AppData\Local\Programs\MiKTeX\tex/latex/graphics-def\pdftex.def
File: pdftex.def 2020/10/05 v1.2a Graphics/color driver for pdftex
))
\Gin@req@height=\dimen141
\Gin@req@width=\dimen142
)
(C:\Users\abhis\AppData\Local\Programs\MiKTeX\tex/latex/enumitem\enumitem.sty
Package: enumitem 2019/06/20 v3.9 Customized lists
\labelindent=\skip64
\enit@outerparindent=\dimen143
\enit@toks=\toks20
\enit@inbox=\box50
\enit@count@id=\count195
\enitdp@description=\count196
)
(C:\Users\abhis\AppData\Local\Programs\MiKTeX\tex/latex/amsmath\amsmath.sty
Package: amsmath 2020/09/23 v2.17i AMS math features
\@mathmargin=\skip65

For additional information on amsmath, use the `?' option.
(C:\Users\abhis\AppData\Local\Programs\MiKTeX\tex/latex/amsmath\amstext.sty
Package: amstext 2000/06/29 v2.01 AMS text

(C:\Users\abhis\AppData\Local\Programs\MiKTeX\tex/latex/amsmath\amsgen.sty
File: amsgen.sty 1999/11/30 v2.0 generic functions
\@emptytoks=\toks21
\ex@=\dimen144
))
(C:\Users\abhis\AppData\Local\Programs\MiKTeX\tex/latex/amsmath\amsbsy.sty
Package: amsbsy 1999/11/29 v1.2d Bold Symbols
\pmbraise@=\dimen145
)
(C:\Users\abhis\AppData\Local\Programs\MiKTeX\tex/latex/amsmath\amsopn.sty
Package: amsopn 2016/03/08 v2.02 operator names
)
\inf@bad=\count197
LaTeX Info: Redefining \frac on input line 234.
\uproot@=\count198
\leftroot@=\count199
LaTeX Info: Redefining \overline on input line 399.
\classnum@=\count266
\DOTSCASE@=\count267
LaTeX Info: Redefining \ldots on input line 496.
LaTeX Info: Redefining \dots on input line 499.
LaTeX Info: Redefining \cdots on input line 620.
\Mathstrutbox@=\box51
\strutbox@=\box52
\big@size=\dimen146
LaTeX Font Info:    Redeclaring font encoding OML on input line 743.
LaTeX Font Info:    Redeclaring font encoding OMS on input line 744.
\macc@depth=\count268
\c@MaxMatrixCols=\count269
\dotsspace@=\muskip16
\c@parentequation=\count270
\dspbrk@lvl=\count271
\tag@help=\toks22
\row@=\count272
\column@=\count273
\maxfields@=\count274
\andhelp@=\toks23
\eqnshift@=\dimen147
\alignsep@=\dimen148
\tagshift@=\dimen149
\tagwidth@=\dimen150
\totwidth@=\dimen151
\lineht@=\dimen152
\@envbody=\toks24
\multlinegap=\skip66
\multlinetaggap=\skip67
\mathdisplay@stack=\toks25
LaTeX Info: Redefining \[ on input line 2923.
LaTeX Info: Redefining \] on input line 2924.
)
(C:\Users\abhis\AppData\Local\Programs\MiKTeX\tex/latex/geometry\geometry.sty
Package: geometry 2020/01/02 v5.9 Page Geometry

(C:\Users\abhis\AppData\Local\Programs\MiKTeX\tex/generic/iftex\ifvtex.sty
Package: ifvtex 2019/10/25 v1.7 ifvtex legacy package. Use iftex instead.

(C:\Users\abhis\AppData\Local\Programs\MiKTeX\tex/generic/iftex\iftex.sty
Package: iftex 2020/03/06 v1.0d TeX engine tests
))
\Gm@cnth=\count275
\Gm@cntv=\count276
\c@Gm@tempcnt=\count277
\Gm@bindingoffset=\dimen153
\Gm@wd@mp=\dimen154
\Gm@odd@mp=\dimen155
\Gm@even@mp=\dimen156
\Gm@layoutwidth=\dimen157
\Gm@layoutheight=\dimen158
\Gm@layouthoffset=\dimen159
\Gm@layoutvoffset=\dimen160
\Gm@dimlist=\toks26

(C:\Users\abhis\AppData\Local\Programs\MiKTeX\tex/latex/geometry\geometry.cfg))

(C:\Users\abhis\AppData\Local\Programs\MiKTeX\tex/latex/l3backend\l3backend-pdf
tex.def
File: l3backend-pdftex.def 2021-02-18 L3 backend support: PDF output (pdfTeX)
\l__color_backend_stack_int=\count278
\l__pdf_internal_box=\box53
) (190123066_Abhishek_Agrahari.aux)
\openout1 = `190123066_Abhishek_Agrahari.aux'.

LaTeX Font Info:    Checking defaults for OML/cmm/m/it on input line 30.
LaTeX Font Info:    ... okay on input line 30.
LaTeX Font Info:    Checking defaults for OMS/cmsy/m/n on input line 30.
LaTeX Font Info:    ... okay on input line 30.
LaTeX Font Info:    Checking defaults for OT1/cmr/m/n on input line 30.
LaTeX Font Info:    ... okay on input line 30.
LaTeX Font Info:    Checking defaults for T1/cmr/m/n on input line 30.
LaTeX Font Info:    ... okay on input line 30.
LaTeX Font Info:    Checking defaults for TS1/cmr/m/n on input line 30.
LaTeX Font Info:    ... okay on input line 30.
LaTeX Font Info:    Checking defaults for OMX/cmex/m/n on input line 30.
LaTeX Font Info:    ... okay on input line 30.
LaTeX Font Info:    Checking defaults for U/cmr/m/n on input line 30.
LaTeX Font Info:    ... okay on input line 30.

(C:\Users\abhis\AppData\Local\Programs\MiKTeX\tex/context/base/mkii\supp-pdf.mk
ii
[Loading MPS to PDF converter (version 2006.09.02).]
\scratchcounter=\count279
\scratchdimen=\dimen161
\scratchbox=\box54
\nofMPsegments=\count280
\nofMParguments=\count281
\everyMPshowfont=\toks27
\MPscratchCnt=\count282
\MPscratchDim=\dimen162
\MPnumerator=\count283
\makeMPintoPDFobject=\count284
\everyMPtoPDFconversion=\toks28
)
(C:\Users\abhis\AppData\Local\Programs\MiKTeX\tex/latex/epstopdf-pkg\epstopdf-b
ase.sty
Package: epstopdf-base 2020-01-24 v2.11 Base part for package epstopdf
Package epstopdf-base Info: Redefining graphics rule for `.eps' on input line 4
85.
)
*geometry* driver: auto-detecting
*geometry* detected driver: pdftex
*geometry* verbose mode - [ preamble ] result:
* driver: pdftex
* paper: <default>
* layout: <same size as paper>
* layoutoffset:(h,v)=(0.0pt,0.0pt)
* modes: 
* h-part:(L,W,R)=(28.45274pt, 557.38951pt, 28.45274pt)
* v-part:(T,H,B)=(48.36967pt, 698.23064pt, 48.36967pt)
* \paperwidth=614.295pt
* \paperheight=794.96999pt
* \textwidth=557.38951pt
* \textheight=698.23064pt
* \oddsidemargin=-43.81725pt
* \evensidemargin=-43.81725pt
* \topmargin=-60.90031pt
* \headheight=12.0pt
* \headsep=25.0pt
* \topskip=12.0pt
* \footskip=30.0pt
* \marginparwidth=44.0pt
* \marginparsep=10.0pt
* \columnsep=10.0pt
* \skip\footins=10.8pt plus 4.0pt minus 2.0pt
* \hoffset=0.0pt
* \voffset=0.0pt
* \mag=1000
* \@twocolumnfalse
* \@twosidefalse
* \@mparswitchfalse
* \@reversemarginfalse
* (1in=72.27pt=25.4mm, 1cm=28.453pt)

<images//q2/fig1.png, id=1, 462.528pt x 346.896pt>
File: images//q2/fig1.png Graphic file (type png)
<use images//q2/fig1.png>
Package pdftex.def Info: images//q2/fig1.png  used on input line 68.
(pdftex.def)             Requested size: 289.0934pt x 216.80946pt.
<images//q2/fig2.png, id=3, 462.528pt x 346.896pt>
File: images//q2/fig2.png Graphic file (type png)
<use images//q2/fig2.png>
Package pdftex.def Info: images//q2/fig2.png  used on input line 71.
(pdftex.def)             Requested size: 289.0934pt x 216.80946pt.

Overfull \hbox (28.63054pt too wide) in paragraph at lines 68--71
 [][] 
 []

<images//q2/fig3.png, id=4, 462.528pt x 346.896pt>
File: images//q2/fig3.png Graphic file (type png)
<use images//q2/fig3.png>
Package pdftex.def Info: images//q2/fig3.png  used on input line 74.
(pdftex.def)             Requested size: 296.32037pt x 252.94614pt.
<images//q2/fig4.png, id=5, 462.528pt x 346.896pt>
File: images//q2/fig4.png Graphic file (type png)
<use images//q2/fig4.png>
Package pdftex.def Info: images//q2/fig4.png  used on input line 77.
(pdftex.def)             Requested size: 289.0934pt x 252.94614pt.

Overfull \hbox (35.85751pt too wide) in paragraph at lines 74--78
 [][][] 
 []

[1

{C:/Users/abhis/AppData/Local/MiKTeX/pdftex/config/pdftex.map}]
<images//q3/fig1.png, id=23, 462.528pt x 346.896pt>
File: images//q3/fig1.png Graphic file (type png)
<use images//q3/fig1.png>
Package pdftex.def Info: images//q3/fig1.png  used on input line 92.
(pdftex.def)             Requested size: 289.0934pt x 238.4904pt.
<images//q3/fig2.png, id=24, 462.528pt x 346.896pt>
File: images//q3/fig2.png Graphic file (type png)
<use images//q3/fig2.png>
Package pdftex.def Info: images//q3/fig2.png  used on input line 95.
(pdftex.def)             Requested size: 289.0934pt x 238.4904pt.

Overfull \hbox (28.63054pt too wide) in paragraph at lines 92--96
 [][] 
 []


Package fancyhdr Warning: \headheight is too small (12.0pt): 
(fancyhdr)                Make it at least 14.49998pt, for example:
(fancyhdr)                \setlength{\headheight}{14.49998pt}.
(fancyhdr)                You might also make \topmargin smaller to compensate:

(fancyhdr)                \addtolength{\topmargin}{-2.49998pt}.

[2 <./images//q2/fig1.png> <./images//q2/fig2.png> <./images//q2/fig3.png> <./i
mages//q2/fig4.png>]
<images//q4/fig1.png, id=32, 462.528pt x 346.896pt>
File: images//q4/fig1.png Graphic file (type png)
<use images//q4/fig1.png>
Package pdftex.def Info: images//q4/fig1.png  used on input line 120.
(pdftex.def)             Requested size: 289.0934pt x 216.80946pt.
<images//q4/fig2.png, id=33, 462.528pt x 346.896pt>
File: images//q4/fig2.png Graphic file (type png)
<use images//q4/fig2.png>
Package pdftex.def Info: images//q4/fig2.png  used on input line 123.
(pdftex.def)             Requested size: 289.0934pt x 216.80946pt.

Overfull \hbox (28.63054pt too wide) in paragraph at lines 120--123
 [][] 
 []

<images//q4/fig3.png, id=34, 462.528pt x 346.896pt>
File: images//q4/fig3.png Graphic file (type png)
<use images//q4/fig3.png>
Package pdftex.def Info: images//q4/fig3.png  used on input line 131.
(pdftex.def)             Requested size: 289.0934pt x 216.80946pt.
<images//q4/fig4.png, id=35, 462.528pt x 346.896pt>
File: images//q4/fig4.png Graphic file (type png)
<use images//q4/fig4.png>
Package pdftex.def Info: images//q4/fig4.png  used on input line 134.
(pdftex.def)             Requested size: 289.0934pt x 216.80946pt.

Overfull \hbox (28.63054pt too wide) in paragraph at lines 131--134
 [][] 
 []

<images//q4/fig5.png, id=36, 462.528pt x 346.896pt>
File: images//q4/fig5.png Graphic file (type png)
<use images//q4/fig5.png>
Package pdftex.def Info: images//q4/fig5.png  used on input line 137.
(pdftex.def)             Requested size: 289.0934pt x 216.80946pt.
<images//q4/fig6.png, id=37, 462.528pt x 346.896pt>
File: images//q4/fig6.png Graphic file (type png)
<use images//q4/fig6.png>
Package pdftex.def Info: images//q4/fig6.png  used on input line 140.
(pdftex.def)             Requested size: 289.0934pt x 216.80946pt.

Overfull \hbox (28.63054pt too wide) in paragraph at lines 137--140
 [][][] 
 []

<images//q4/fig7.png, id=38, 462.528pt x 346.896pt>
File: images//q4/fig7.png Graphic file (type png)
<use images//q4/fig7.png>
Package pdftex.def Info: images//q4/fig7.png  used on input line 143.
(pdftex.def)             Requested size: 289.0934pt x 216.80946pt.
<images//q4/fig8.png, id=39, 462.528pt x 346.896pt>
File: images//q4/fig8.png Graphic file (type png)
<use images//q4/fig8.png>
Package pdftex.def Info: images//q4/fig8.png  used on input line 146.
(pdftex.def)             Requested size: 289.0934pt x 216.80946pt.

Overfull \hbox (28.63054pt too wide) in paragraph at lines 143--146
 [][][] 
 []


Package fancyhdr Warning: \headheight is too small (12.0pt): 
(fancyhdr)                Make it at least 14.49998pt, for example:
(fancyhdr)                \setlength{\headheight}{14.49998pt}.
(fancyhdr)                You might also make \topmargin smaller to compensate:

(fancyhdr)                \addtolength{\topmargin}{-2.49998pt}.

[3 <./images//q3/fig1.png> <./images//q3/fig2.png> <./images//q4/fig1.png> <./i
mages//q4/fig2.png>]

Package fancyhdr Warning: \headheight is too small (12.0pt): 
(fancyhdr)                Make it at least 14.49998pt, for example:
(fancyhdr)                \setlength{\headheight}{14.49998pt}.
(fancyhdr)                You might also make \topmargin smaller to compensate:

(fancyhdr)                \addtolength{\topmargin}{-2.49998pt}.

[4 <./images//q4/fig3.png> <./images//q4/fig4.png> <./images//q4/fig5.png> <./i
mages//q4/fig6.png> <./images//q4/fig7.png> <./images//q4/fig8.png>]
<images//q4/fig9.png, id=56, 462.528pt x 346.896pt>
File: images//q4/fig9.png Graphic file (type png)
<use images//q4/fig9.png>
Package pdftex.def Info: images//q4/fig9.png  used on input line 158.
(pdftex.def)             Requested size: 289.0934pt x 205.96898pt.
<images//q4/fig10.png, id=57, 462.528pt x 346.896pt>
File: images//q4/fig10.png Graphic file (type png)
<use images//q4/fig10.png>
Package pdftex.def Info: images//q4/fig10.png  used on input line 161.
(pdftex.def)             Requested size: 289.0934pt x 205.96898pt.

Overfull \hbox (28.63054pt too wide) in paragraph at lines 158--161
 [][] 
 []

<images//q4/fig11.png, id=58, 462.528pt x 346.896pt>
File: images//q4/fig11.png Graphic file (type png)
<use images//q4/fig11.png>
Package pdftex.def Info: images//q4/fig11.png  used on input line 164.
(pdftex.def)             Requested size: 289.0934pt x 205.96898pt.
<images//q4/fig12.png, id=59, 462.528pt x 346.896pt>
File: images//q4/fig12.png Graphic file (type png)
<use images//q4/fig12.png>
Package pdftex.def Info: images//q4/fig12.png  used on input line 167.
(pdftex.def)             Requested size: 289.0934pt x 205.96898pt.

Overfull \hbox (28.63054pt too wide) in paragraph at lines 164--167
 [][][] 
 []

<images//q4/fig13.png, id=60, 462.528pt x 346.896pt>
File: images//q4/fig13.png Graphic file (type png)
<use images//q4/fig13.png>
Package pdftex.def Info: images//q4/fig13.png  used on input line 170.
(pdftex.def)             Requested size: 289.0934pt x 205.96898pt.
<images//q4/fig14.png, id=61, 462.528pt x 346.896pt>
File: images//q4/fig14.png Graphic file (type png)
<use images//q4/fig14.png>
Package pdftex.def Info: images//q4/fig14.png  used on input line 173.
(pdftex.def)             Requested size: 289.0934pt x 205.96898pt.

Overfull \hbox (28.63054pt too wide) in paragraph at lines 170--173
 [][][] 
 []

<images//q4/fig15.png, id=62, 462.528pt x 346.896pt>
File: images//q4/fig15.png Graphic file (type png)
<use images//q4/fig15.png>
Package pdftex.def Info: images//q4/fig15.png  used on input line 181.
(pdftex.def)             Requested size: 289.0934pt x 216.80946pt.
<images//q4/fig16.png, id=63, 462.528pt x 346.896pt>
File: images//q4/fig16.png Graphic file (type png)
<use images//q4/fig16.png>
Package pdftex.def Info: images//q4/fig16.png  used on input line 184.
(pdftex.def)             Requested size: 289.0934pt x 216.80946pt.

Overfull \hbox (28.63054pt too wide) in paragraph at lines 181--184
 [][] 
 []

<images//q4/fig17.png, id=64, 462.528pt x 346.896pt>
File: images//q4/fig17.png Graphic file (type png)
<use images//q4/fig17.png>
Package pdftex.def Info: images//q4/fig17.png  used on input line 187.
(pdftex.def)             Requested size: 289.0934pt x 216.80946pt.
<images//q4/fig18.png, id=65, 462.528pt x 346.896pt>
File: images//q4/fig18.png Graphic file (type png)
<use images//q4/fig18.png>
Package pdftex.def Info: images//q4/fig18.png  used on input line 190.
(pdftex.def)             Requested size: 289.0934pt x 216.80946pt.

Overfull \hbox (28.63054pt too wide) in paragraph at lines 187--190
 [][][] 
 []

<images//q4/fig19.png, id=66, 462.528pt x 346.896pt>
File: images//q4/fig19.png Graphic file (type png)
<use images//q4/fig19.png>
Package pdftex.def Info: images//q4/fig19.png  used on input line 193.
(pdftex.def)             Requested size: 289.0934pt x 216.80946pt.
<images//q4/fig20.png, id=67, 462.528pt x 346.896pt>
File: images//q4/fig20.png Graphic file (type png)
<use images//q4/fig20.png>
Package pdftex.def Info: images//q4/fig20.png  used on input line 196.
(pdftex.def)             Requested size: 289.0934pt x 216.80946pt.

Overfull \hbox (28.63054pt too wide) in paragraph at lines 193--196
 [][][] 
 []


Package fancyhdr Warning: \headheight is too small (12.0pt): 
(fancyhdr)                Make it at least 14.49998pt, for example:
(fancyhdr)                \setlength{\headheight}{14.49998pt}.
(fancyhdr)                You might also make \topmargin smaller to compensate:

(fancyhdr)                \addtolength{\topmargin}{-2.49998pt}.

[5 <./images//q4/fig9.png> <./images//q4/fig10.png> <./images//q4/fig11.png> <.
/images//q4/fig12.png> <./images//q4/fig13.png> <./images//q4/fig14.png>]

Package fancyhdr Warning: \headheight is too small (12.0pt): 
(fancyhdr)                Make it at least 14.49998pt, for example:
(fancyhdr)                \setlength{\headheight}{14.49998pt}.
(fancyhdr)                You might also make \topmargin smaller to compensate:

(fancyhdr)                \addtolength{\topmargin}{-2.49998pt}.

[6 <./images//q4/fig15.png> <./images//q4/fig16.png> <./images//q4/fig17.png> <
./images//q4/fig18.png> <./images//q4/fig19.png> <./images//q4/fig20.png>]
(190123066_Abhishek_Agrahari.aux) ) 
Here is how much of TeX's memory you used:
 3635 strings out of 479334
 54916 string characters out of 2857085
 359841 words of memory out of 3000000
 21047 multiletter control sequences out of 15000+200000
 409446 words of font info for 48 fonts, out of 3000000 for 9000
 1141 hyphenation exceptions out of 8191
 68i,10n,74p,252b,318s stack positions out of 5000i,500n,10000p,200000b,50000s
 <C:\Users\abhis\AppData\Local\MiKTeX\fonts/
pk/ljfour/jknappen/ec/dpi600\tcrm1200.pk><C:/Users/abhis/AppData/Local/Programs
/MiKTeX/fonts/type1/public/amsfonts/cm/cmbx12.pfb><C:/Users/abhis/AppData/Local
/Programs/MiKTeX/fonts/type1/public/amsfonts/cm/cmex10.pfb><C:/Users/abhis/AppD
ata/Local/Programs/MiKTeX/fonts/type1/public/amsfonts/cm/cmmi12.pfb><C:/Users/a
bhis/AppData/Local/Programs/MiKTeX/fonts/type1/public/amsfonts/cm/cmmi6.pfb><C:
/Users/abhis/AppData/Local/Programs/MiKTeX/fonts/type1/public/amsfonts/cm/cmmi8
.pfb><C:/Users/abhis/AppData/Local/Programs/MiKTeX/fonts/type1/public/amsfonts/
cm/cmr12.pfb><C:/Users/abhis/AppData/Local/Programs/MiKTeX/fonts/type1/public/a
msfonts/cm/cmr17.pfb><C:/Users/abhis/AppData/Local/Programs/MiKTeX/fonts/type1/
public/amsfonts/cm/cmr6.pfb><C:/Users/abhis/AppData/Local/Programs/MiKTeX/fonts
/type1/public/amsfonts/cm/cmr8.pfb><C:/Users/abhis/AppData/Local/Programs/MiKTe
X/fonts/type1/public/amsfonts/cm/cmsy10.pfb><C:/Users/abhis/AppData/Local/Progr
ams/MiKTeX/fonts/type1/public/amsfonts/cm/cmsy6.pfb><C:/Users/abhis/AppData/Loc
al/Programs/MiKTeX/fonts/type1/public/amsfonts/cm/cmsy8.pfb>
Output written on 190123066_Abhishek_Agrahari.pdf (6 pages, 1847394 bytes).
PDF statistics:
 127 PDF objects out of 1000 (max. 8388607)
 0 named destinations out of 1000 (max. 500000)
 131 words of extra memory for PDF output out of 10000 (max. 10000000)

